<?xml version="1.0" encoding="UTF-8"?>
<!-- Generated by org.testng.reporters.JUnitXMLReporter -->
<testsuite ignored="0" hostname="LAPTOP-FPCUSTS4" failures="0" tests="12" name="Test" time="194.033" errors="0" timestamp="2021-04-07T22:34:54 IST">
  <testcase classname="login1.DataProviderExample" name="loginToApplication" time="2.737"/>
  <testcase classname="login1.DataProviderExample" name="loginToApplication" time="1.116"/>
  <testcase classname="login1.DataProviderExample" name="loginToApplication" time="8.843"/>
  <testcase classname="login1.Leetcode" name="f" time="11.151"/>
  <testcase classname="login1.Leetcode" name="f1" time="0.576"/>
  <testcase classname="login1.Leetcode" name="f2" time="3.142"/>
  <testcase classname="login1.Leetcode" name="fp" time="0.002"/>
  <testcase classname="login1.Leetcode" name="f4" time="15.37"/>
  <testcase classname="login1.Leetcode" name="f5" time="0.029"/>
  <testcase classname="login1.Leetcode" name="f6" time="7.09"/>
  <testcase classname="login1.Leetcode" name="f7" time="0.016"/>
  <testcase classname="login1.Leetcode" name="fpv" time="0.007"/>
</testsuite> <!-- Test -->
