<?xml version="1.0" encoding="UTF-8"?>
<testng-results ignored="0" total="12" passed="12" failed="0" skipped="0">
  <reporter-output>
  </reporter-output>
  <suite started-at="2021-04-07T22:31:40 IST" name="Suite" finished-at="2021-04-07T22:34:54 IST" duration-ms="194033">
    <groups>
    </groups>
    <test started-at="2021-04-07T22:31:40 IST" name="Test" finished-at="2021-04-07T22:34:54 IST" duration-ms="194033">
      <class name="login1.DataProviderExample">
        <test-method is-config="true" signature="invokeBrowser()[pri:0, instance:login1.DataProviderExample@e1de817]" started-at="2021-04-07T22:32:02 IST" name="invokeBrowser" finished-at="2021-04-07T22:32:30 IST" duration-ms="27465" status="PASS">
          <reporter-output>
          </reporter-output>
        </test-method> <!-- invokeBrowser -->
        <test-method signature="loginToApplication(java.lang.String, java.lang.String)[pri:0, instance:login1.DataProviderExample@e1de817]" started-at="2021-04-07T22:32:30 IST" name="loginToApplication" data-provider="getData" finished-at="2021-04-07T22:32:32 IST" duration-ms="2737" status="PASS">
          <params>
            <param index="0">
              <value>
                <![CDATA[mngr318884]]>
              </value>
            </param>
            <param index="1">
              <value>
                <![CDATA[nEnYjyj]]>
              </value>
            </param>
          </params>
          <reporter-output>
          </reporter-output>
        </test-method> <!-- loginToApplication -->
        <test-method is-config="true" signature="closeBrowser()[pri:0, instance:login1.DataProviderExample@e1de817]" started-at="2021-04-07T22:32:32 IST" name="closeBrowser" finished-at="2021-04-07T22:32:38 IST" duration-ms="5326" status="PASS">
          <reporter-output>
          </reporter-output>
        </test-method> <!-- closeBrowser -->
        <test-method is-config="true" signature="invokeBrowser()[pri:0, instance:login1.DataProviderExample@e1de817]" started-at="2021-04-07T22:32:38 IST" name="invokeBrowser" finished-at="2021-04-07T22:33:04 IST" duration-ms="25970" status="PASS">
          <reporter-output>
          </reporter-output>
        </test-method> <!-- invokeBrowser -->
        <test-method signature="loginToApplication(java.lang.String, java.lang.String)[pri:0, instance:login1.DataProviderExample@e1de817]" started-at="2021-04-07T22:33:04 IST" name="loginToApplication" data-provider="getData" finished-at="2021-04-07T22:33:05 IST" duration-ms="1116" status="PASS">
          <params>
            <param index="0">
              <value>
                <![CDATA[mngr318885]]>
              </value>
            </param>
            <param index="1">
              <value>
                <![CDATA[AtEmuha]]>
              </value>
            </param>
          </params>
          <reporter-output>
          </reporter-output>
        </test-method> <!-- loginToApplication -->
        <test-method is-config="true" signature="closeBrowser()[pri:0, instance:login1.DataProviderExample@e1de817]" started-at="2021-04-07T22:33:05 IST" name="closeBrowser" finished-at="2021-04-07T22:33:06 IST" duration-ms="1554" status="PASS">
          <reporter-output>
          </reporter-output>
        </test-method> <!-- closeBrowser -->
        <test-method is-config="true" signature="invokeBrowser()[pri:0, instance:login1.DataProviderExample@e1de817]" started-at="2021-04-07T22:33:06 IST" name="invokeBrowser" finished-at="2021-04-07T22:33:37 IST" duration-ms="30732" status="PASS">
          <reporter-output>
          </reporter-output>
        </test-method> <!-- invokeBrowser -->
        <test-method signature="loginToApplication(java.lang.String, java.lang.String)[pri:0, instance:login1.DataProviderExample@e1de817]" started-at="2021-04-07T22:33:37 IST" name="loginToApplication" data-provider="getData" finished-at="2021-04-07T22:33:46 IST" duration-ms="8843" status="PASS">
          <params>
            <param index="0">
              <value>
                <![CDATA[mngr318887]]>
              </value>
            </param>
            <param index="1">
              <value>
                <![CDATA[ahEmevA]]>
              </value>
            </param>
          </params>
          <reporter-output>
          </reporter-output>
        </test-method> <!-- loginToApplication -->
        <test-method is-config="true" signature="closeBrowser()[pri:0, instance:login1.DataProviderExample@e1de817]" started-at="2021-04-07T22:33:46 IST" name="closeBrowser" finished-at="2021-04-07T22:34:13 IST" duration-ms="26715" status="PASS">
          <reporter-output>
          </reporter-output>
        </test-method> <!-- closeBrowser -->
      </class> <!-- login1.DataProviderExample -->
      <class name="login1.Leetcode">
        <test-method is-config="true" signature="launchBrowser()[pri:0, instance:login1.Leetcode@5939a379]" started-at="2021-04-07T22:31:40 IST" name="launchBrowser" finished-at="2021-04-07T22:32:02 IST" duration-ms="22061" status="PASS">
          <reporter-output>
          </reporter-output>
        </test-method> <!-- launchBrowser -->
        <test-method signature="f()[pri:0, instance:login1.Leetcode@5939a379]" started-at="2021-04-07T22:34:13 IST" name="f" finished-at="2021-04-07T22:34:24 IST" duration-ms="11151" status="PASS">
          <reporter-output>
          </reporter-output>
        </test-method> <!-- f -->
        <test-method signature="f1()[pri:1, instance:login1.Leetcode@5939a379]" started-at="2021-04-07T22:34:24 IST" name="f1" finished-at="2021-04-07T22:34:24 IST" duration-ms="576" status="PASS">
          <reporter-output>
          </reporter-output>
        </test-method> <!-- f1 -->
        <test-method signature="f2()[pri:2, instance:login1.Leetcode@5939a379]" started-at="2021-04-07T22:34:24 IST" name="f2" finished-at="2021-04-07T22:34:27 IST" duration-ms="3142" status="PASS">
          <reporter-output>
          </reporter-output>
        </test-method> <!-- f2 -->
        <test-method signature="fp()[pri:3, instance:login1.Leetcode@5939a379]" started-at="2021-04-07T22:34:27 IST" name="fp" finished-at="2021-04-07T22:34:27 IST" duration-ms="2" status="PASS">
          <reporter-output>
          </reporter-output>
        </test-method> <!-- fp -->
        <test-method signature="f4()[pri:4, instance:login1.Leetcode@5939a379]" started-at="2021-04-07T22:34:27 IST" name="f4" finished-at="2021-04-07T22:34:43 IST" duration-ms="15370" status="PASS">
          <reporter-output>
          </reporter-output>
        </test-method> <!-- f4 -->
        <test-method signature="f5()[pri:5, instance:login1.Leetcode@5939a379]" started-at="2021-04-07T22:34:43 IST" name="f5" finished-at="2021-04-07T22:34:43 IST" duration-ms="29" status="PASS">
          <reporter-output>
          </reporter-output>
        </test-method> <!-- f5 -->
        <test-method signature="f6()[pri:6, instance:login1.Leetcode@5939a379]" started-at="2021-04-07T22:34:43 IST" name="f6" finished-at="2021-04-07T22:34:50 IST" duration-ms="7090" status="PASS">
          <reporter-output>
          </reporter-output>
        </test-method> <!-- f6 -->
        <test-method signature="f7()[pri:7, instance:login1.Leetcode@5939a379]" started-at="2021-04-07T22:34:50 IST" name="f7" finished-at="2021-04-07T22:34:50 IST" duration-ms="16" status="PASS">
          <reporter-output>
          </reporter-output>
        </test-method> <!-- f7 -->
        <test-method signature="fpv()[pri:8, instance:login1.Leetcode@5939a379]" started-at="2021-04-07T22:34:50 IST" name="fpv" finished-at="2021-04-07T22:34:50 IST" duration-ms="7" status="PASS">
          <reporter-output>
          </reporter-output>
        </test-method> <!-- fpv -->
        <test-method is-config="true" signature="afterTest()[pri:0, instance:login1.Leetcode@5939a379]" started-at="2021-04-07T22:34:50 IST" name="afterTest" finished-at="2021-04-07T22:34:54 IST" duration-ms="4010" status="PASS">
          <reporter-output>
          </reporter-output>
        </test-method> <!-- afterTest -->
      </class> <!-- login1.Leetcode -->
    </test> <!-- Test -->
  </suite> <!-- Suite -->
</testng-results>
