<?xml version="1.0" encoding="UTF-8"?>
<!-- Generated by org.testng.reporters.JUnitXMLReporter -->
<testsuite ignored="0" hostname="LAPTOP-FPCUSTS4" failures="0" tests="3" name="Default test" time="72.248" errors="0" timestamp="2021-04-07T22:30:56 IST">
  <testcase classname="login1.DataProviderExample" name="loginToApplication" time="0.557"/>
  <testcase classname="login1.DataProviderExample" name="loginToApplication" time="1.941"/>
  <testcase classname="login1.DataProviderExample" name="loginToApplication" time="0.441"/>
</testsuite> <!-- Default test -->
